\BOOKMARK [1][-]{section.1}{\376\377\000C\000a\000l\000i\000b\000r\000a\000t\000e\000d\000\040\000M\000o\000d\000e\000l\000s}{}% 1
\BOOKMARK [2][-]{subsection.1.1}{\376\377\000N\000K\000\137\000A\000F\000L\0001\0005\000:\000A\000n\000g\000e\000l\000o\000n\000i\000\040\000e\000t\000\040\000a\000l\000.\000\040\000\050\0002\0000\0001\0005\000\051}{section.1}% 2
\BOOKMARK [2][-]{subsection.1.2}{\376\377\000N\000K\000\137\000B\000G\000E\000U\0001\0000\000\040\000a\000n\000d\000\040\000N\000K\000\137\000B\000G\000U\000S\0001\0000\000:\000\040\000B\000l\000a\000n\000c\000h\000a\000r\000d\000\040\000a\000n\000d\000\040\000G\000a\000l\000\303\001\222\000\302\000\255\000\040\000\050\0002\0000\0001\0000\000\051}{section.1}% 3
\BOOKMARK [2][-]{subsection.1.3}{\376\377\000N\000K\000\137\000B\000G\000G\0009\0009\000:\000\040\000B\000e\000r\000a\000n\000k\000e\000\040\000e\000t\000\040\000a\000l\000.\000\040\000\050\0001\0009\0009\0009\000\051}{section.1}% 4
\BOOKMARK [2][-]{subsection.1.4}{\376\377\000N\000K\000\137\000C\000D\000K\0002\0004\000:\000\040\000C\000h\000a\000n\000\040\000e\000t\000\040\000a\000l\000.\000\040\000\050\0002\0000\0002\0004\000\051}{section.1}% 5
\BOOKMARK [2][-]{subsection.1.5}{\376\377\000N\000K\000\137\000C\000F\000P\0001\0000\000:\000\040\000C\000a\000r\000l\000s\000t\000r\000o\000m\000\040\000e\000t\000\040\000a\000l\000.\000\040\000\050\0002\0000\0001\0000\000\051}{section.1}% 6
\BOOKMARK [2][-]{subsection.1.6}{\376\377\000N\000K\000\137\000C\000G\000G\0009\0009\000:\000\040\000C\000l\000a\000r\000i\000d\000a\000\040\000e\000t\000\040\000a\000l\000.\000\040\000\050\0001\0009\0009\0009\000\051\000,\000\040\000h\000y\000b\000r\000i\000d\000\040\000m\000o\000d\000e\000l}{section.1}% 7
\BOOKMARK [2][-]{subsection.1.7}{\376\377\000N\000K\000\137\000C\000G\000G\0000\0002\000:\000\040\000C\000l\000a\000r\000i\000d\000a\000\040\000e\000t\000\040\000a\000l\000.\000\040\000\050\0002\0000\0000\0002\000\051\000,\000\040\000t\000w\000o\000-\000c\000o\000u\000n\000t\000r\000y\000\040\000m\000o\000d\000e\000l}{section.1}% 8
\BOOKMARK [2][-]{subsection.1.8}{\376\377\000N\000K\000\137\000C\000K\0000\0008\000:\000\040\000C\000h\000r\000i\000s\000t\000o\000f\000f\000e\000l\000\040\000a\000n\000d\000\040\000K\000u\000e\000s\000t\000e\000r\000\040\000\050\0002\0000\0000\0008\000\051}{section.1}% 9
\BOOKMARK [2][-]{subsection.1.9}{\376\377\000N\000K\000\137\000C\000K\000L\0000\0009\000:\000\040\000C\000h\000r\000i\000s\000t\000o\000f\000f\000e\000l\000\040\000e\000t\000\040\000a\000l\000.\000\040\000\050\0002\0000\0000\0009\000\051}{section.1}% 10
\BOOKMARK [2][-]{subsection.1.10}{\376\377\000N\000K\000\137\000C\000W\0000\0009\000:\000\040\000C\000r\000u\000d\000i\000a\000\040\000a\000n\000d\000\040\000W\000o\000o\000d\000f\000o\000r\000d\000\040\000\050\0002\0000\0000\0009\000\051}{section.1}% 11
\BOOKMARK [2][-]{subsection.1.11}{\376\377\000N\000K\000\137\000D\000E\000F\000K\0001\0007\000:\000\040\000D\000e\000l\000\040\000N\000e\000g\000r\000o\000\040\000e\000t\000\040\000a\000l\000.\000\040\0002\0000\0001\0007\000\040}{section.1}% 12
\BOOKMARK [2][-]{subsection.1.12}{\376\377\000N\000K\000\137\000D\000T\0001\0002\000:\000\040\000D\000e\000\040\000F\000i\000o\000r\000e\000\040\000a\000n\000d\000\040\000T\000r\000i\000s\000t\000a\000n\000i\000\040\000\050\0002\0000\0001\0003\000\051}{section.1}% 13
\BOOKMARK [2][-]{subsection.1.13}{\376\377\000N\000K\000\137\000E\000T\0001\0004\000:\000\040\000E\000l\000l\000i\000s\000o\000n\000\040\000a\000n\000d\000\040\000T\000i\000s\000c\000h\000b\000i\000r\000e\000k\000\040\000\050\0002\0000\0001\0004\000\051}{section.1}% 14
\BOOKMARK [2][-]{subsection.1.14}{\376\377\000N\000K\000\137\000F\000L\000M\000F\0001\0008\000:\000\040\000F\000i\000l\000a\000r\000d\000o\000\040\000e\000t\000\040\000a\000l\000.\000\040\000\050\0002\0000\0001\0008\000\051}{section.1}% 15
\BOOKMARK [2][-]{subsection.1.15}{\376\377\000N\000K\000\137\000F\000N\000L\0002\0003\000:\000\040\000F\000e\000r\000r\000a\000r\000i\000\040\000a\000n\000d\000\040\000N\000i\000s\000p\000i\000\040\000L\000a\000n\000d\000i\000\040\000\050\0002\0000\0002\0003\000\051}{section.1}% 16
\BOOKMARK [2][-]{subsection.1.16}{\376\377\000N\000K\000\137\000G\000H\000P\0001\0006\000:\000\040\000G\000n\000o\000c\000c\000i\000\040\000a\000n\000d\000\040\000P\000a\000p\000p\000a\000\040\000\050\0002\0000\0001\0006\000\051}{section.1}% 17
\BOOKMARK [2][-]{subsection.1.17}{\376\377\000N\000K\000\137\000G\000K\0001\0001\000:\000\040\000G\000e\000r\000t\000l\000e\000r\000\040\000a\000n\000d\000\040\000K\000a\000r\000a\000d\000i\000\040\000\050\0002\0000\0001\0001\000\051}{section.1}% 18
\BOOKMARK [2][-]{subsection.1.18}{\376\377\000N\000K\000\137\000G\000K\0001\0003\000:\000\040\000G\000e\000r\000t\000l\000e\000r\000\040\000a\000n\000d\000\040\000K\000a\000r\000a\000d\000i\000\040\000\050\0002\0000\0001\0003\000\051}{section.1}% 19
\BOOKMARK [2][-]{subsection.1.19}{\376\377\000N\000K\000\137\000G\000L\000S\000V\0000\0007\000:\000\040\000G\000a\000l\000\303\001\222\000\302\000\255\000\040\000e\000t\000\040\000a\000l\000.\000\040\000\050\0002\0000\0000\0007\000\051}{section.1}% 20
\BOOKMARK [2][-]{subsection.1.20}{\376\377\000N\000K\000\137\000G\000M\0000\0005\000:\000\040\000G\000a\000l\000\303\001\222\000\302\000\255\000\040\000a\000n\000d\000\040\000M\000o\000n\000a\000c\000e\000l\000l\000i\000\040\000\050\0002\0000\0000\0005\000\051}{section.1}% 21
\BOOKMARK [2][-]{subsection.1.21}{\376\377\000N\000K\000\137\000G\000M\0000\0007\000:\000\040\000G\000o\000o\000d\000f\000r\000i\000e\000n\000d\000\040\000a\000n\000d\000\040\000M\000c\000C\000a\000l\000l\000u\000m\000\040\000\050\0002\0000\0000\0007\000\051}{section.1}% 22
\BOOKMARK [2][-]{subsection.1.22}{\376\377\000N\000K\000\137\000G\000M\0001\0006\000\040\000G\000a\000l\000\303\001\222\000\302\000\255\000\040\000a\000n\000d\000\040\000M\000o\000n\000a\000c\000e\000l\000l\000i\000\040\000\050\0002\0000\0001\0006\000\051}{section.1}% 23
\BOOKMARK [2][-]{subsection.1.23}{\376\377\000N\000K\000\137\000G\000S\0001\0004\000:\000\040\000G\000a\000m\000b\000a\000c\000o\000r\000t\000a\000\040\000a\000n\000d\000\040\000S\000i\000g\000n\000o\000r\000e\000t\000t\000i\000\040\000\050\0002\0000\0001\0004\000\051}{section.1}% 24
\BOOKMARK [2][-]{subsection.1.24}{\376\377\000N\000K\000\137\000G\000S\000S\000Z\0001\0007\000:\000\040\000G\000i\000l\000c\000h\000r\000i\000s\000t\000\040\000e\000t\000\040\000a\000l\000.\000\040\000\050\0002\0000\0001\0007\000\051}{section.1}% 25
\BOOKMARK [2][-]{subsection.1.25}{\376\377\000N\000K\000\137\000I\000R\0000\0004\000:\000\040\000I\000r\000e\000l\000a\000n\000d\000\040\000\050\0002\0000\0000\0004\000\051}{section.1}% 26
\BOOKMARK [2][-]{subsection.1.26}{\376\377\000N\000K\000\137\000J\000O\0001\0005\000h\000t\000,\000\040\000N\000K\000\137\000J\000O\0001\0005\000l\000t\000:\000\040\000J\000a\000n\000g\000\040\000a\000n\000d\000\040\000O\000k\000a\000n\000o\000\040\000\050\0002\0000\0001\0005\000\051}{section.1}% 27
\BOOKMARK [2][-]{subsection.1.27}{\376\377\000N\000K\000\137\000K\000M\0001\0006\000:\000\040\000K\000r\000a\000u\000s\000e\000\040\000a\000n\000d\000\040\000M\000o\000y\000e\000n\000\040\000\050\0002\0000\0001\0006\000\051}{section.1}% 28
\BOOKMARK [2][-]{subsection.1.28}{\376\377\000N\000K\000\137\000K\000R\000S\0001\0002\000:\000\040\000K\000a\000n\000n\000a\000n\000\040\000e\000t\000\040\000a\000l\000.\000\040\000\050\0002\0000\0001\0002\000\051}{section.1}% 29
\BOOKMARK [2][-]{subsection.1.29}{\376\377\000N\000K\000\137\000K\000W\0001\0006\000:\000\040\000K\000i\000r\000c\000h\000n\000e\000r\000\040\000a\000n\000d\000\040\000v\000a\000n\000\040\000W\000i\000j\000n\000b\000e\000r\000g\000e\000n\000\040\000\050\0002\0000\0001\0006\000\051}{section.1}% 30
\BOOKMARK [2][-]{subsection.1.30}{\376\377\000N\000K\000\137\000L\000W\000W\0000\0003\000:\000\040\000L\000e\000v\000i\000n\000\040\000e\000t\000\040\000a\000l\000.\000\040\000\050\0002\0000\0000\0003\000\051}{section.1}% 31
\BOOKMARK [2][-]{subsection.1.31}{\376\377\000N\000K\000\137\000M\000C\000N\0009\0009\000c\000r\000:\000\040\000M\000c\000C\000a\000l\000l\000u\000m\000\040\000a\000n\000d\000\040\000N\000e\000l\000s\000o\000n\000\040\000\050\0001\0009\0009\0009\000\051}{section.1}% 32
\BOOKMARK [2][-]{subsection.1.32}{\376\377\000N\000K\000\137\000M\000I\0001\0004\000:\000\040\000M\000a\000c\000h\000a\000i\000l\000l\000a\000t\000\040\000\050\0002\0000\0001\0004\000\051}{section.1}% 33
\BOOKMARK [2][-]{subsection.1.33}{\376\377\000N\000K\000\137\000M\000M\0001\0000\000:\000\040\000M\000e\000h\000\040\000a\000n\000d\000\040\000M\000o\000r\000a\000n\000\040\000\050\0002\0000\0001\0000\000\051}{section.1}% 34
\BOOKMARK [2][-]{subsection.1.34}{\376\377\000N\000K\000\137\000M\000P\000T\0001\0000\000:\000\040\000M\000o\000n\000a\000c\000e\000l\000l\000i\000\040\000e\000t\000\040\000a\000l\000.\000\040\000\050\0002\0000\0001\0000\000\051}{section.1}% 35
\BOOKMARK [2][-]{subsection.1.35}{\376\377\000N\000K\000\137\000N\000S\0001\0004\000\040\000:\000\040\000N\000a\000k\000a\000m\000u\000r\000a\000\040\000a\000n\000d\000\040\000S\000t\000e\000i\000n\000s\000s\000o\000n\000\040\000\050\0002\0000\0001\0004\000\051}{section.1}% 36
\BOOKMARK [2][-]{subsection.1.36}{\376\377\000N\000K\000\137\000P\000P\0001\0007\000:\000\040\000P\000a\000o\000l\000i\000\040\000a\000n\000d\000\040\000P\000a\000u\000s\000t\000i\000a\000n\000\040\000\050\0002\0000\0001\0007\000\051}{section.1}% 37
\BOOKMARK [2][-]{subsection.1.37}{\376\377\000N\000K\000\137\000P\000S\000V\0001\0006\000:\000\040\000P\000a\000n\000c\000r\000a\000z\000i\000\040\000e\000t\000\040\000a\000l\000.\000\040\000\050\0002\0000\0001\0006\000\051}{section.1}% 38
\BOOKMARK [2][-]{subsection.1.38}{\376\377\000N\000K\000\137\000R\000A\0001\0006\000:\000\040\000R\000a\000n\000n\000e\000n\000b\000e\000r\000g\000\040\000\050\0002\0000\0001\0006\000\051}{section.1}% 39
\BOOKMARK [2][-]{subsection.1.39}{\376\377\000N\000K\000\137\000R\000W\0000\0006\000:\000\040\000R\000a\000v\000e\000n\000n\000a\000\040\000a\000n\000d\000\040\000W\000a\000l\000s\000h\000\040\000\050\0002\0000\0000\0006\000\051}{section.1}% 40
\BOOKMARK [2][-]{subsection.1.40}{\376\377\000N\000K\000\137\000R\000W\0009\0007\000:\000\040\000R\000o\000t\000e\000m\000b\000e\000r\000g\000\040\000a\000n\000d\000\040\000W\000o\000o\000d\000f\000o\000r\000d\000\040\000\050\0001\0009\0009\0007\000\051}{section.1}% 41
\BOOKMARK [2][-]{subsection.1.41}{\376\377\000N\000K\000\137\000S\000T\0001\0003\000:\000\040\000S\000t\000r\000a\000c\000c\000a\000\040\000\050\0002\0000\0001\0003\000\051}{section.1}% 42
\BOOKMARK [2][-]{subsection.1.42}{\376\377\000R\000B\000C\000\137\000D\000T\000T\0001\0001\000:\000\040\000D\000e\000\040\000F\000i\000o\000r\000e\000\040\000e\000t\000\040\000a\000l\000.\000\040\000\050\0002\0000\0001\0001\000\051}{section.1}% 43
\BOOKMARK [1][-]{section.2}{\376\377\000E\000s\000t\000i\000m\000a\000t\000e\000d\000\040\000U\000.\000S\000.\000\040\000M\000o\000d\000e\000l\000s}{}% 44
\BOOKMARK [2][-]{subsection.2.1}{\376\377\000U\000S\000\137\000A\000C\000E\000L\000:\000\040\000C\000E\000E\000/\000A\000C\000E\000L\000\040\000b\000y\000\040\000A\000l\000t\000i\000g\000\040\000e\000t\000\040\000a\000l\000.\000\040\000\050\0002\0000\0000\0005\000\051}{section.2}% 45
\BOOKMARK [2][-]{subsection.2.2}{\376\377\000U\000S\000\137\000A\000J\0001\0006\000:\000\040\000A\000j\000e\000l\000l\000o\000\040\000\050\0002\0000\0001\0006\000\051}{section.2}% 46
\BOOKMARK [2][-]{subsection.2.3}{\376\377\000U\000S\000\137\000B\000B\0001\0008\000:\000\040\000b\000a\000l\000k\000e\0002\0000\0001\0008\000o\000i\000l}{section.2}% 47
\BOOKMARK [2][-]{subsection.2.4}{\376\377\000U\000S\000\137\000B\000K\000M\0001\0002\000:\000\040\000b\000i\000l\000s\0002\0000\0001\0002\000r\000e\000s\000e\000t}{section.2}% 48
\BOOKMARK [2][-]{subsection.2.5}{\376\377\000U\000S\000\137\000C\000C\000F\0001\0002\000:\000\040\000c\000h\000e\000n\0002\0000\0001\0002\000m\000a\000c\000r\000o\000e\000c\000o\000n\000o\000m\000i\000c}{section.2}% 49
\BOOKMARK [2][-]{subsection.2.6}{\376\377\000U\000S\000\137\000C\000C\000T\000W\0001\0000\000:\000\040\000C\000o\000g\000a\000n\000C\000w\000i\000k\000T\000a\000y\000l\000o\000r\000W\000i\000e\000l\000a\000n\000d\0002\0000\0001\0000}{section.2}% 50
\BOOKMARK [2][-]{subsection.2.7}{\376\377\000U\000S\000\137\000C\000D\0000\0008\000:\000\040\000C\000h\000r\000i\000s\000t\000e\000n\000s\000e\000n\000D\000i\000b\0002\0000\0000\0008}{section.2}% 51
\BOOKMARK [2][-]{subsection.2.8}{\376\377\000U\000S\000\137\000C\000E\000T\0001\0005\000:\000\040\000C\000h\000r\000i\000s\000t\000i\000a\000n\000o\000\040\000e\000t\000\040\000a\000l\000.\000\040\000\050\0002\0000\0001\0005\000\051}{section.2}% 52
\BOOKMARK [2][-]{subsection.2.9}{\376\377\000U\000S\000\137\000C\000F\000O\000P\0001\0004\000:\000\040\000C\000a\000r\000l\000s\000t\000r\000o\000m\000e\000t\000a\000l\0002\0000\0001\0004}{section.2}% 53
\BOOKMARK [2][-]{subsection.2.10}{\376\377\000U\000S\000\137\000C\000F\000P\0001\0007\000e\000x\000o\000,\000\040\000U\000S\000\137\000C\000F\000P\0001\0007\000e\000n\000d\000o\000:\000\040\000c\000a\000r\000l\000s\000t\000r\000o\000m\0002\0000\0001\0007\000t\000a\000r\000g\000e\000t\000i\000n\000g}{section.2}% 54
\BOOKMARK [2][-]{subsection.2.11}{\376\377\000U\000S\000\137\000C\000M\000R\0001\0000\000,\000\040\000U\000S\000\137\000C\000M\000R\0001\0000\000f\000a\000:\000\040\000C\000h\000r\000i\000s\000t\000i\000a\000n\000o\000e\000t\000a\000l\0002\0000\0001\0000}{section.2}% 55
\BOOKMARK [2][-]{subsection.2.12}{\376\377\000U\000S\000\137\000C\000M\000R\0001\0004\000,\000\040\000U\000S\000\137\000C\000M\000R\0001\0004\000n\000o\000F\000A\000:\000C\000M\000R\0002\0000\0001\0004}{section.2}% 56
\BOOKMARK [2][-]{subsection.2.13}{\376\377\000U\000S\000\137\000C\000P\000S\0001\0000\000:\000\040\000C\000o\000g\000l\000e\000y\000e\000t\000a\000l\0002\0000\0001\0000}{section.2}% 57
\BOOKMARK [2][-]{subsection.2.14}{\376\377\000U\000S\000\137\000D\000G\0000\0008\000:\000\040\000D\000e\000G\000r\000a\000e\000v\000e\0002\0000\0000\0008}{section.2}% 58
\BOOKMARK [2][-]{subsection.2.15}{\376\377\000U\000S\000\137\000D\000N\000G\000S\0001\0005\000\040\000:\000\040\000d\000e\000l\0002\0000\0001\0005\000i\000n\000f\000l\000a\000t\000i\000o\000n}{section.2}% 59
\BOOKMARK [2][-]{subsection.2.16}{\376\377\000U\000S\000\137\000F\000G\000K\000R\0001\0005\000\040\000:\000\040\000F\000e\000r\000n\000a\000n\000d\000e\000z\000V\000i\000l\000l\000a\000v\000e\000r\000d\000e\000e\000t\000a\000l\0002\0000\0001\0005}{section.2}% 60
\BOOKMARK [2][-]{subsection.2.17}{\376\377\000U\000S\000\137\000F\000M\0009\0005\000:\000\040\000F\000u\000h\000r\000e\000r\000M\000o\000o\000r\000e\0001\0009\0009\0005}{section.2}% 61
\BOOKMARK [2][-]{subsection.2.18}{\376\377\000U\000S\000\137\000F\000M\000S\0001\0003\000\040\000:\000\040\000F\000e\000v\000e\000e\000t\000a\000l\0002\0000\0001\0003}{section.2}% 62
\BOOKMARK [2][-]{subsection.2.19}{\376\377\000U\000S\000\137\000F\000R\000B\0000\0003\000:\000\040\000F\000R\000B\000-\000U\000S\000\040\000m\000o\000d\000e\000l}{section.2}% 63
\BOOKMARK [2][-]{subsection.2.20}{\376\377\000U\000S\000\137\000F\000R\000B\0000\0008\000:\000\040\000F\000R\000B\000-\000U\000S\000\040\000m\000o\000d\000e\000l}{section.2}% 64
\BOOKMARK [2][-]{subsection.2.21}{\376\377\000U\000S\000\137\000F\000R\000B\0002\0002\000:\000\040\000F\000R\000B\000-\000U\000S\000\040\000m\000o\000d\000e\000l}{section.2}% 65
\BOOKMARK [2][-]{subsection.2.22}{\376\377\000U\000S\000\137\000F\000U\0001\0009\000:\000\040\000F\000r\000a\000t\000t\000o\000\040\000a\000n\000d\000\040\000U\000h\000l\000i\000g\000\040}{section.2}% 66
\BOOKMARK [2][-]{subsection.2.23}{\376\377\000U\000S\000\137\000F\000V\0001\0000\000:\000\040\000f\000e\000r\000n\000a\000n\000d\000e\000z\0002\0000\0001\0000\000e\000c\000o\000n\000o\000m\000e\000t\000r\000i\000c\000s}{section.2}% 67
\BOOKMARK [2][-]{subsection.2.24}{\376\377\000U\000S\000\137\000F\000V\0001\0005\000:\000\040\000f\000e\000r\000n\000a\000n\000d\000e\000z\0002\0000\0001\0005\000e\000s\000t\000i\000m\000a\000t\000i\000n\000g}{section.2}% 68
\BOOKMARK [2][-]{subsection.2.25}{\376\377\000U\000S\000\137\000H\000L\0001\0006\000:\000\040\000H\000o\000l\000l\000a\000n\000d\000e\000r\000\040\000a\000n\000d\000\040\000L\000i\000u\000\040\000\050\0002\0000\0001\0006\000\051}{section.2}% 69
\BOOKMARK [2][-]{subsection.2.26}{\376\377\000U\000S\000\137\000I\000A\000C\0000\0005\000:\000\040\000I\000a\000c\000o\000v\000i\000e\000l\000l\000o\0002\0000\0000\0005}{section.2}% 70
\BOOKMARK [2][-]{subsection.2.27}{\376\377\000U\000S\000\137\000I\000N\0001\0000\000:\000\040\000I\000a\000c\000o\000v\000i\000e\000l\000l\000o\000N\000e\000r\000i\0002\0000\0001\0000}{section.2}% 71
\BOOKMARK [2][-]{subsection.2.28}{\376\377\000U\000S\000\137\000I\000R\0001\0001\000:\000\040\000I\000r\000e\000l\000a\000n\000d\0002\0000\0001\0001}{section.2}% 72
\BOOKMARK [2][-]{subsection.2.29}{\376\377\000U\000S\000\137\000I\000R\0001\0005\000:\000\040\000i\000r\000e\000l\000a\000n\000d\0002\0000\0001\0005\000m\000o\000n\000e\000t\000a\000r\000y}{section.2}% 73
\BOOKMARK [2][-]{subsection.2.30}{\376\377\000U\000S\000\137\000J\000P\000T\0001\0001\000:\000\040\000J\000u\000s\000t\000i\000n\000i\000a\000n\000o\000e\000t\000a\000l\0002\0000\0001\0001}{section.2}% 74
\BOOKMARK [2][-]{subsection.2.31}{\376\377\000U\000S\000\137\000K\000K\0001\0004\000:\000\040\000K\000l\000i\000e\000m\000\040\000a\000n\000d\000\040\000K\000r\000i\000w\000o\000l\000u\000z\000k\000y\000\040\000\050\0002\0000\0001\0004\000\051}{section.2}% 75
\BOOKMARK [2][-]{subsection.2.32}{\376\377\000U\000S\000\137\000K\000S\0001\0005\000:\000\040\000K\000r\000i\000w\000o\000l\000u\000z\000k\000y\000\040\000a\000n\000d\000\040\000S\000t\000o\000l\000t\000e\000n\000b\000e\000r\000g\000\040\000\050\0002\0000\0001\0004\000\051}{section.2}% 76
\BOOKMARK [2][-]{subsection.2.33}{\376\377\000U\000S\000\137\000L\000T\000W\0001\0007\000,\000\040\000U\000S\000\137\000L\000T\000W\0001\0007\000g\000z\000,\000\040\000U\000S\000\137\000L\000T\000W\0001\0007\000n\000u\000,\000\040\000U\000S\000\137\000L\000T\000W\0001\0007\000r\000o\000t\000:\000\040\000L\000e\000e\000p\000e\000r\000\040\000e\000t\000\040\000a\000l\000.\000\040\000\050\0002\0000\0001\0007\000\051\000\040}{section.2}% 77
\BOOKMARK [2][-]{subsection.2.34}{\376\377\000U\000S\000\137\000L\000W\000Y\0001\0003\000:\000\040\000l\000e\000e\000p\000e\000r\0002\0000\0001\0003\000f\000i\000s\000c\000a\000l}{section.2}% 78
\BOOKMARK [2][-]{subsection.2.35}{\376\377\000U\000S\000\137\000M\000I\0000\0007\000:\000\040\000M\000i\000l\000a\000n\000i\000\040\000\050\0002\0000\0000\0007\000\051}{section.2}% 79
\BOOKMARK [2][-]{subsection.2.36}{\376\377\000U\000S\000\137\000M\000R\0000\0007\000:\000\040\000M\000a\000n\000k\000i\000w\000R\000e\000i\000s\0002\0000\0000\0007}{section.2}% 80
\BOOKMARK [2][-]{subsection.2.37}{\376\377\000U\000S\000\137\000O\000R\0000\0003\000:\000O\000r\000p\000h\000a\000n\000i\000d\000e\000s\0002\0000\0000\0003}{section.2}% 81
\BOOKMARK [2][-]{subsection.2.38}{\376\377\000U\000S\000\137\000O\000W\0009\0008\000:\000\040\000F\000R\000B\000\040\000M\000o\000n\000e\000t\000a\000r\000y\000\040\000S\000t\000u\000d\000i\000e\000s\000,\000\040\000O\000r\000p\000h\000a\000n\000i\000d\000e\000s\000W\000i\000e\000l\000a\000n\000d\0001\0009\0009\0008}{section.2}% 82
\BOOKMARK [2][-]{subsection.2.39}{\376\377\000U\000S\000\137\000P\000M\0000\0008\000\040\000a\000n\000d\000\040\000U\000S\000\137\000P\000M\0000\0008\000f\000l\000:\000\040\000C\000a\000r\000a\000b\000e\000n\000c\000i\000o\000v\000e\000t\000a\000l\0002\0000\0000\0008}{section.2}% 83
\BOOKMARK [2][-]{subsection.2.40}{\376\377\000U\000S\000\137\000P\000V\0001\0005\000:\000\040\000p\000o\000u\000t\000i\000n\000e\000a\000u\0002\0000\0001\0005\000f\000i\000n\000a\000n\000c\000i\000a\000l}{section.2}% 84
\BOOKMARK [2][-]{subsection.2.41}{\376\377\000U\000S\000\137\000R\000A\0000\0007\000:\000\040\000R\000a\000b\000a\000n\000a\000l\0002\0000\0000\0007}{section.2}% 85
\BOOKMARK [2][-]{subsection.2.42}{\376\377\000U\000S\000\137\000R\000E\0000\0009\000:\000\040\000r\000e\000i\000s\0002\0000\0000\0009\000s\000t\000i\000c\000k\000y}{section.2}% 86
\BOOKMARK [2][-]{subsection.2.43}{\376\377\000U\000S\000\137\000R\000S\0009\0009\000:\000\040\000R\000u\000d\000e\000b\000u\000s\000c\000h\000S\000v\000e\000n\000s\000s\000o\000n\0001\0009\0009\0009}{section.2}% 87
\BOOKMARK [2][-]{subsection.2.44}{\376\377\000U\000S\000\137\000S\000W\0000\0007\000:\000\040\000S\000m\000e\000t\000s\000W\000o\000u\000t\000e\000r\000s\0002\0000\0000\0007}{section.2}% 88
\BOOKMARK [2][-]{subsection.2.45}{\376\377\000U\000S\000\137\000V\000I\0001\0006\000b\000g\000g\000\040\000a\000n\000d\000\040\000U\000S\000\137\000V\000I\0001\0006\000g\000k\000:\000\040\000V\000i\000l\000l\000a\000\040\000\050\0002\0000\0001\0006\000\051}{section.2}% 89
\BOOKMARK [2][-]{subsection.2.46}{\376\377\000\040\000U\000S\000\137\000V\000M\000D\000n\000o\000,\000\040\000U\000S\000\137\000V\000M\000D\000o\000p\000:\000\040\000V\000e\000r\000o\000n\000a\000e\000t\000a\000l\0002\0000\0001\0003}{section.2}% 90
\BOOKMARK [2][-]{subsection.2.47}{\376\377\000U\000S\000\137\000Y\000R\0001\0003\000:\000\040\000R\000y\000c\000h\000a\000l\000o\000v\000s\000k\000a\000\040\000\050\0002\0000\0001\0006\000\051}{section.2}% 91
\BOOKMARK [1][-]{section.3}{\376\377\000E\000s\000t\000i\000m\000a\000t\000e\000d\000\040\000E\000u\000r\000o\000\040\000A\000r\000e\000a\000\040\000M\000o\000d\000e\000l\000s}{}% 92
\BOOKMARK [2][-]{subsection.3.1}{\376\377\000E\000A\000\137\000A\000L\000S\000V\0000\0006\000:\000\040\000A\000n\000d\000r\000\303\001\222\000\302\000\251\000s\000\040\000e\000t\000\040\000a\000l\000.\000\040\000\050\0002\0000\0000\0006\000\051}{section.3}% 93
\BOOKMARK [2][-]{subsection.3.2}{\376\377\000E\000A\000\137\000A\000W\000M\0000\0005\000:\000\040\000A\000r\000e\000a\000\040\000W\000i\000d\000e\000\040\000m\000o\000d\000e\000l\000\040\000l\000i\000n\000e\000a\000r\000i\000z\000e\000d\000\040\000b\000y\000\040\000D\000i\000e\000p\000p\000e\000K\000u\000e\000s\000t\000e\000r\000M\000c\000A\000d\000a\000m\0002\0000\0000\0005}{section.3}% 94
\BOOKMARK [2][-]{subsection.3.3}{\376\377\000E\000A\000\137\000B\000E\0001\0005\000:\000\040\000b\000e\000n\000c\000h\000i\000m\000o\000l\0002\0000\0001\0005\000m\000o\000n\000e\000y}{section.3}% 95
\BOOKMARK [2][-]{subsection.3.4}{\376\377\000E\000A\000\137\000B\000F\0001\0007\000:\000\040\000b\000e\000n\000c\000h\000i\000m\000o\000l\0002\0000\0001\0007\000m\000o\000n\000e\000y}{section.3}% 96
\BOOKMARK [2][-]{subsection.3.5}{\376\377\000E\000A\000\137\000C\000K\000L\0000\0009\000:\000\040\000C\000h\000r\000i\000s\000t\000o\000f\000f\000e\000l\000\040\000e\000t\000\040\000a\000l\000.\000\040\000\050\0002\0000\0000\0009\000\051}{section.3}% 97
\BOOKMARK [2][-]{subsection.3.6}{\376\377\000E\000A\000\137\000C\000W\0000\0005\000:\000\040\000C\000o\000e\000n\000e\000n\000W\000i\000e\000l\000a\000n\000d\0002\0000\0000\0005}{section.3}% 98
\BOOKMARK [2][-]{subsection.3.7}{\376\377\000E\000A\000\137\000D\000K\000R\0001\0001\000:\000\040\000D\000a\000r\000r\000a\000c\000q\000P\000a\000r\000i\000e\000s\000e\000t\000a\000l\0002\0000\0001\0001}{section.3}% 99
\BOOKMARK [2][-]{subsection.3.8}{\376\377\000E\000A\000\137\000G\000E\0001\0000\000:\000\040\000G\000e\000l\000a\000i\000n\0002\0000\0001\0000}{section.3}% 100
\BOOKMARK [2][-]{subsection.3.9}{\376\377\000E\000A\000\137\000G\000N\000S\000S\0001\0000\000:\000\040\000G\000e\000r\000a\000l\000i\000e\000t\000a\000l\0002\0000\0001\0000}{section.3}% 101
\BOOKMARK [2][-]{subsection.3.10}{\376\377\000E\000A\000\137\000P\000V\0001\0005\000:\000\040\000p\000o\000u\000t\000i\000n\000e\000a\000u\0002\0000\0001\0005\000c\000r\000o\000s\000s}{section.3}% 102
\BOOKMARK [2][-]{subsection.3.11}{\376\377\000E\000A\000\137\000P\000V\0001\0006\000:\000\040\000p\000r\000i\000f\000t\000i\000s\0002\0000\0001\0006\000p\000o\000r\000t\000f\000o\000l\000i\000o}{section.3}% 103
\BOOKMARK [2][-]{subsection.3.12}{\376\377\000E\000A\000\137\000P\000V\0001\0007\000:\000\040\000p\000r\000i\000f\000t\000i\000s\0002\0000\0001\0007\000m\000a\000c\000r\000o\000e\000c\000o\000n}{section.3}% 104
\BOOKMARK [2][-]{subsection.3.13}{\376\377\000E\000A\000\137\000Q\000R\0001\0004\000:\000\040\000Q\000R\0002\0000\0001\0004}{section.3}% 105
\BOOKMARK [2][-]{subsection.3.14}{\376\377\000E\000A\000\137\000Q\000U\000E\000S\000T\0003\000:\000\040\000R\000a\000t\000t\000o\000R\000o\000e\000g\000e\000r\000V\000e\000l\000d\0002\0000\0000\0009}{section.3}% 106
\BOOKMARK [2][-]{subsection.3.15}{\376\377\000E\000A\000\137\000S\000R\0000\0007\000:\000\040\000E\000u\000r\000o\000\040\000A\000r\000e\000a\000\040\000M\000o\000d\000e\000l\000\040\000o\000f\000\040\000S\000v\000e\000r\000i\000g\000e\000s\000\040\000R\000i\000k\000s\000b\000a\000n\000k\000,\000\040\000A\000d\000o\000l\000f\000s\000o\000n\000L\000a\000s\000e\000e\000n\000L\000i\000n\000d\000e\000V\000i\000l\000l\000a\000n\000i\0002\0000\0000\0007}{section.3}% 107
\BOOKMARK [2][-]{subsection.3.16}{\376\377\000E\000A\000\137\000S\000W\0000\0003\000:\000\040\000S\000m\000e\000t\000s\000W\000o\000u\000t\000e\000r\000s\0002\0000\0000\0003}{section.3}% 108
\BOOKMARK [2][-]{subsection.3.17}{\376\377\000E\000A\000\137\000S\000W\000W\0001\0004\000:\000\040\000S\000m\000e\000t\000s\000\040\000e\000t\000\040\000a\000l\000.\000\040\000\050\0002\0000\0001\0004\000\051}{section.3}% 109
\BOOKMARK [2][-]{subsection.3.18}{\376\377\000E\000A\000\137\000V\000I\0001\0006\000b\000g\000g\000\040\000a\000n\000d\000\040\000E\000A\000\137\000V\000I\0001\0006\000g\000k\000:\000\040\000V\000i\000l\000l\000a\000\040\000\050\0002\0000\0001\0006\000\051}{section.3}% 110
\BOOKMARK [1][-]{section.4}{\376\377\000E\000s\000t\000i\000m\000a\000t\000e\000d\000/\000C\000a\000l\000i\000b\000r\000a\000t\000e\000d\000\040\000M\000u\000l\000t\000i\000-\000C\000o\000u\000n\000t\000r\000y\000\040\000M\000o\000d\000e\000l\000s}{}% 111
\BOOKMARK [2][-]{subsection.4.1}{\376\377\000D\000E\000R\000E\000A\000\137\000G\000E\000A\000R\0001\0006\000:\000\040\000g\000a\000d\000a\000t\000s\000c\000h\0002\0000\0001\0006\000f\000i\000s\000c\000a\000l}{section.4}% 112
\BOOKMARK [2][-]{subsection.4.2}{\376\377\000E\000S\000R\000E\000A\000\137\000F\000I\000M\000O\000D\0001\0002\000:\000\040\000s\000t\000a\000h\000l\000e\000r\0002\0000\0001\0002\000f\000i\000m\000o\000d}{section.4}% 113
\BOOKMARK [2][-]{subsection.4.3}{\376\377\000G\0002\000\137\000S\000I\000G\000M\000A\0000\0008\000:\000\040\000F\000R\000B\000-\000S\000I\000G\000M\000A\000\040\000b\000y\000\040\000E\000r\000c\000e\000g\000G\000u\000e\000r\000r\000i\000e\000r\000i\000G\000u\000s\000t\0002\0000\0000\0008}{section.4}% 114
\BOOKMARK [2][-]{subsection.4.4}{\376\377\000G\0003\000\137\000C\000W\0000\0003\000:\000\040\000C\000o\000e\000n\000e\000n\000W\000i\000e\000l\000a\000n\000d\0002\0000\0000\0002\000\040\000G\0003\000\040\000c\000o\000u\000n\000t\000r\000i\000e\000s}{section.4}% 115
\BOOKMARK [2][-]{subsection.4.5}{\376\377\000G\0007\000\137\000T\000A\000Y\0009\0003\000:\000\040\000T\000a\000y\000l\000o\000r\0001\0009\0009\0003\000a\000\040\000G\0007\000\040\000c\000o\000u\000n\000t\000r\000i\000e\000s}{section.4}% 116
\BOOKMARK [2][-]{subsection.4.6}{\376\377\000G\000P\000M\0006\000\137\000I\000M\000F\0001\0003\000:\000\040\000C\000a\000r\000a\000b\000e\000n\000c\000i\000o\000v\000e\000t\000a\000l\0002\0000\0001\0003}{section.4}% 117
\BOOKMARK [2][-]{subsection.4.7}{\376\377\000E\000A\000C\000Z\000\137\000G\000E\000M\0000\0003\000:\000\040\000I\000M\000F\000\040\000m\000o\000d\000e\000l\000\040\000o\000f\000\040\000E\000u\000r\000o\000\040\000A\000r\000e\000a\000\040\000a\000n\000d\000\040\000C\000z\000e\000c\000h\000\040\000R\000e\000p\000u\000b\000l\000i\000c\000,\000\040\000L\000a\000x\000t\000o\000n\000P\000e\000s\000e\000n\000t\000i\0002\0000\0000\0003}{section.4}% 118
\BOOKMARK [2][-]{subsection.4.8}{\376\377\000E\000A\000E\000S\000\137\000R\000A\0000\0009\000:\000\040\000R\000a\000b\000a\000n\000a\000l\0002\0000\0000\0009}{section.4}% 119
\BOOKMARK [2][-]{subsection.4.9}{\376\377\000E\000A\000U\000S\000\137\000N\000A\000W\000M\0000\0008\000:\000\040\000C\000o\000e\000n\000e\000n\000M\000c\000A\000d\000a\000m\000S\000t\000r\000a\000u\000b\0002\0000\0000\0008}{section.4}% 120
\BOOKMARK [2][-]{subsection.4.10}{\376\377\000E\000A\000U\000S\000\137\000N\000A\000W\000M\0000\0008\000C\000T\000W\000W\0001\0003\000:\000\040\000C\000o\000g\000a\000n\000T\000a\000y\000l\000o\000r\000W\000i\000e\000l\000a\000n\000d\000W\000o\000l\000t\000e\000r\000s\0002\0000\0001\0003}{section.4}% 121
\BOOKMARK [1][-]{section.5}{\376\377\000E\000s\000t\000i\000m\000a\000t\000e\000d\000\040\000M\000o\000d\000e\000l\000s\000\040\000o\000f\000\040\000O\000t\000h\000e\000r\000\040\000C\000o\000u\000n\000t\000r\000i\000e\000s}{}% 122
\BOOKMARK [2][-]{subsection.5.1}{\376\377\000B\000R\000A\000\137\000S\000A\000M\000B\000A\0000\0008\000:\000\040\000G\000o\000u\000v\000e\000a\000e\000t\000a\000l\0002\0000\0000\0008}{section.5}% 123
\BOOKMARK [2][-]{subsection.5.2}{\376\377\000C\000A\000\137\000B\000M\000Z\0001\0002\000:\000\040\000B\000a\000i\000l\000l\000i\000u\000e\000t\000a\000l\0002\0000\0001\0002}{section.5}% 124
\BOOKMARK [2][-]{subsection.5.3}{\376\377\000C\000A\000\137\000L\000S\0000\0007\000:\000\040\000L\000u\000b\000i\000k\000S\000c\000h\000o\000r\000f\000h\000e\000i\000d\000e\0002\0000\0000\0007}{section.5}% 125
\BOOKMARK [2][-]{subsection.5.4}{\376\377\000C\000A\000\137\000T\000O\000T\000E\000M\0001\0000\000:\000\040\000M\000u\000r\000c\000h\000i\000n\000s\000o\000n\000\040\000a\000n\000d\000\040\000R\000e\000n\000n\000i\000s\000o\000n\000\040\000\050\0002\0000\0000\0006\000\051}{section.5}% 126
\BOOKMARK [2][-]{subsection.5.5}{\376\377\000C\000L\000\137\000M\000S\0000\0007\000:\000\040\000M\000e\000d\000i\000n\000a\000S\000o\000t\000o\0002\0000\0000\0007}{section.5}% 127
\BOOKMARK [2][-]{subsection.5.6}{\376\377\000F\000I\000\137\000A\000I\000N\000O\0001\0006\000:\000\040\000k\000i\000l\000p\000o\000n\000e\000n\0002\0000\0001\0006\000a\000i\000n\000o}{section.5}% 128
\BOOKMARK [2][-]{subsection.5.7}{\376\377\000H\000K\000\137\000F\000P\000P\0001\0001\000:\000\040\000F\000u\000n\000k\000e\000P\000a\000e\000t\000z\000P\000y\000t\000l\000a\000r\000c\000z\000y\000k\0002\0000\0001\0001}{section.5}% 129
\BOOKMARK [2][-]{subsection.5.8}{\376\377\000H\000K\000\137\000F\000P\0001\0003\000:\000\040\000F\000u\000n\000k\000e\000P\000a\000e\000t\000z\0002\0000\0001\0003}{section.5}% 130
\BOOKMARK [2][-]{subsection.5.9}{\376\377\000U\000K\000\137\000S\000M\0001\0001\000:\000\040\000m\000i\000l\000l\000a\000r\000d\0002\0000\0001\0001\000e\000s\000t\000i\000m\000a\000t\000e\000d}{section.5}% 131
